root - DEBUG - Initialized im UNet
root - DEBUG - Loading data
root - INFO - train scans: 25
root - INFO - val scans: 10
root - INFO - test scans: 10
root - DEBUG - Scans loaded
root - INFO - kspace train: (20, 256, 256, 2)
root - INFO - image train: (20, 256, 256, 1)
root - INFO - kspace val: (5, 256, 256, 2)
root - INFO - image val: (5, 256, 256, 1)
root - INFO - kspace test: (5, 256, 256, 2)
root - INFO - image test: (5, 256, 256, 1)
root - DEBUG - Scans formatted
root - DEBUG - Compiling UNet
root - DEBUG - Fitting UNet
tensorflow - WARNING - From /Users/duncan.boyd/Library/Python/3.8/lib/python/site-packages/tensorflow/python/keras/engine/training_v1.py:2048: Model.state_updates (from tensorflow.python.keras.engine.training) is deprecated and will be removed in a future version.
Instructions for updating:
This property should not be used in TensorFlow 2.0, as updates are applied automatically.
root - DEBUG - Evaluating UNet
root - INFO - total time: 177
root - INFO - time completed: 21/06/2022 14:47:41
root - DEBUG - Done
